<?xml version="1.0" encoding="UTF-8"?>
<!-- Generated by org.testng.reporters.JUnitReportReporter -->
<testsuite skipped="0" hostname="DCC-PC" name="browser.Tes1" tests="1" failures="0" timestamp="2021-11-17T15:16:25 IST" time="4.146" errors="0">
  <testcase name="test" time="4.146" classname="browser.Tes1"/>
  <system-out/>
</testsuite> <!-- browser.Tes1 -->
