<?xml version="1.0" encoding="UTF-8"?>
<!-- Generated by org.testng.reporters.JUnitReportReporter -->
<testsuite skipped="0" hostname="DCC-PC" name="browser.Pom" tests="1" failures="0" timestamp="2021-11-17T15:10:48 IST" time="3.989" errors="0">
  <testcase name="test" time="3.989" classname="browser.Pom"/>
  <system-out/>
</testsuite> <!-- browser.Pom -->
