<?xml version="1.0" encoding="UTF-8"?>
<!-- Generated by org.testng.reporters.JUnitReportReporter -->
<testsuite skipped="0" hostname="DCC-PC" name="test.pack.GrowLaunch" tests="1" failures="0" timestamp="2021-12-02T17:17:46 IST" time="19.518" errors="0">
  <testcase name="test1" time="19.518" classname="test.pack.GrowLaunch"/>
  <system-out/>
</testsuite> <!-- test.pack.GrowLaunch -->
