<?xml version="1.0" encoding="UTF-8"?>
<!-- Generated by org.testng.reporters.JUnitReportReporter -->
<testsuite skipped="0" hostname="DCC-PC" name="test.pack.firsttestngfile" tests="1" failures="0" timestamp="2021-11-23T09:41:48 IST" time="0.032" errors="0">
  <testcase name="verifyHomepageTitle" time="0.032" classname="test.pack.firsttestngfile"/>
  <system-out/>
</testsuite> <!-- test.pack.firsttestngfile -->
