<?xml version="1.0" encoding="UTF-8"?>
<!-- Generated by org.testng.reporters.JUnitReportReporter -->
<testsuite skipped="0" hostname="DCC-PC" name="test.pack.TestClass" tests="1" failures="0" timestamp="2021-12-03T17:03:19 IST" time="7.350" errors="0">
  <testcase name="test1" time="7.350" classname="test.pack.TestClass"/>
  <system-out/>
</testsuite> <!-- test.pack.TestClass -->
